<?xml version="1.0" encoding="UTF-8" standalone="no"?><testsuite errors="0" failures="0" name="CRUD Regresin" skipped="0" tests="10" time="7.3" timestamp="2023-03-05 04:57:10"><testcase name="Consultar una pagina de usuarios"/><testcase name="Consultar un usuario aleatoriamente"/><testcase name="Resultados de la consulta no encontrados"/><testcase name="Consultar lista de recursos"/><testcase name="Consultar un recurso aleatoriamente"/><testcase name="Resultados de la consulta de recursos no encontrados"/><testcase name="Crear usuario aleatoriamente"/><testcase name="Actualizar usuario aleatoriamente"/><testcase name="Actualizar usuario aleatoriamente con metodo patch"/><testcase name="Eliminar usuario aleatoriamente"/></testsuite>