<?xml version="1.0" encoding="UTF-8" standalone="no"?><testsuite errors="0" failures="0" name="CRUD Regresin" skipped="0" tests="6" time="4.38" timestamp="2023-03-05 03:44:35"><testcase name="Consultar una pagina de usuarios"/><testcase name="Consultar un usuario aleatoriamente"/><testcase name="Resultados de la consulta no encontrados"/><testcase name="Consultar lista de recursos"/><testcase name="Consultar un recurso aleatoriamente"/><testcase name="Resultados de la consulta de recursos no encontrados"/></testsuite>